2025-09-25 22:19:30,453 [INFO] [ERROR] Market order failed: APIError(code=-1121): Invalid symbol.
2025-09-25 22:19:59,798 [INFO] [ERROR] Market order failed: APIError(code=-1121): Invalid symbol.
2025-09-25 22:20:32,115 [INFO] [MARKET] BUY 0.01 BTCUSDT | OrderId=5679781051
2025-09-25 22:29:51,552 [INFO] [MARKET] BUY 0.01 BTCUSDT | OrderId=5679792989
2025-09-25 23:08:30,972 [INFO] [ERROR] Limit order failed: APIError(code=-4164): Order's notional must be no smaller than 100 (unless you choose reduce only).
2025-09-25 23:09:39,354 [INFO] [ERROR] Limit order failed: HTTPSConnectionPool(host='testnet.binancefuture.com', port=443): Read timed out.
2025-09-25 23:11:11,812 [INFO] [ERROR] Limit order failed: APIError(code=-4024): Limit price can't be lower than 104008.95.
2025-09-25 23:13:57,631 [INFO] [ERROR] Limit order failed: APIError(code=-4024): Limit price can't be lower than 103888.11.
2025-09-25 23:14:29,099 [INFO] [LIMIT] SELL 0.01 BTCUSDT at 199999.9 | OrderId=5679864280
2025-09-26 06:51:56,560 [INFO] [MARKET] BUY 0.01 BTCUSDT | OrderId=5680486903
2025-09-26 06:54:03,018 [INFO] [LIMIT] SELL 0.01 BTCUSDT at 199999.9 | OrderId=5680489594
2025-09-26 06:56:23,103 [INFO] [MARKET] BUY 0.01 BTCUSDT | OrderId=5680492876
2025-09-26 06:56:23,103 [INFO] [TWAP] BUY 0.0100 BTCUSDT (slice 1/5)
2025-09-26 06:56:23,958 [INFO] [MARKET] BUY 0.01 BTCUSDT | OrderId=5680492884
2025-09-26 06:56:23,958 [INFO] [TWAP] BUY 0.0100 BTCUSDT (slice 2/5)
2025-09-26 06:56:24,844 [INFO] [MARKET] BUY 0.01 BTCUSDT | OrderId=5680492887
2025-09-26 06:56:24,844 [INFO] [TWAP] BUY 0.0100 BTCUSDT (slice 3/5)
2025-09-26 06:56:25,695 [INFO] [MARKET] BUY 0.01 BTCUSDT | OrderId=5680492891
2025-09-26 06:56:25,696 [INFO] [TWAP] BUY 0.0100 BTCUSDT (slice 4/5)
2025-09-26 06:56:26,584 [INFO] [MARKET] BUY 0.01 BTCUSDT | OrderId=5680492896
2025-09-26 06:56:26,584 [INFO] [TWAP] BUY 0.0100 BTCUSDT (slice 5/5)
2025-09-26 07:06:04,181 [INFO] [ACTION] OCO requested: SELL 0.01 BTCUSDT TP=AUTO SL=AUTO
2025-09-26 07:06:06,489 [INFO] [ERROR] OCO order failed: APIError(code=-2021): Order would immediately trigger.
